-------Starting TC002_LoginTest-------
-------Finished TC002_LoginTest-------
suiteXmlPath: "D:\eclipse-workspace\HybridFramework\master.xml"
[TestNG] Running:
  D:\eclipse-workspace\HybridFramework\master.xml

-------Starting TC004_SearchTest-------
-------Finished TC004_SearchTest-------
suiteXmlPath: "D:\eclipse-workspace\HybridFramework\master.xml"
[TestNG] Running:
  D:\eclipse-workspace\HybridFramework\master.xml

-------Starting TC004_SearchTest-------
-------Finished TC004_SearchTest-------
suiteXmlPath: "D:\eclipse-workspace\HybridFramework\master.xml"
[TestNG] Running:
  D:\eclipse-workspace\HybridFramework\master.xml

-------Starting TC004_SearchTest-------
suiteXmlPath: "D:\eclipse-workspace\HybridFramework\master.xml"
[TestNG] Running:
  D:\eclipse-workspace\HybridFramework\master.xml

-------Starting TC004_SearchTest-------
-------Finished TC004_SearchTest-------
suiteXmlPath: "D:\eclipse-workspace\HybridFramework\master.xml"
[TestNG] Running:
  D:\eclipse-workspace\HybridFramework\master.xml

-------Starting TC004_SearchTest-------
-------Finished TC004_SearchTest-------
suiteXmlPath: "D:\eclipse-workspace\HybridFramework\master.xml"
-------Starting TC004_SearchTest-------
-------Finished TC004_SearchTest-------
suiteXmlPath: "D:\eclipse-workspace\HybridFramework\master.xml"
suiteXmlPath: "D:\eclipse-workspace\HybridFramework\master.xml"
-------Starting TC004_SearchTest-------
-------Finished TC004_SearchTest-------
